<?xml version="1.0" encoding="UTF-8"?>
<!-- Generated by org.testng.reporters.JUnitReportReporter -->
<testsuite skipped="0" hostname="ACER-AM" name="tng.NewTest" tests="1" failures="0" timestamp="23 Aug 2018 03:21:11 GMT" time="0.000" errors="0">
  <testcase name="f" time="0.000" classname="tng.NewTest"/>
</testsuite> <!-- tng.NewTest -->
